0 info it worked if it ends with ok
1 verbose cli [ '/Users/greghxc/.nvm/versions/node/v7.7.2/bin/node',
1 verbose cli   '/Users/greghxc/.nvm/versions/node/v7.7.2/bin/npm',
1 verbose cli   'start' ]
2 info using npm@4.1.2
3 info using node@v7.7.2
4 verbose run-script [ 'prestart', 'start', 'poststart' ]
5 info lifecycle express-chromix@0.0.0~prestart: express-chromix@0.0.0
6 silly lifecycle express-chromix@0.0.0~prestart: no script for prestart, continuing
7 info lifecycle express-chromix@0.0.0~start: express-chromix@0.0.0
8 verbose lifecycle express-chromix@0.0.0~start: unsafe-perm in lifecycle true
9 verbose lifecycle express-chromix@0.0.0~start: PATH: /Users/greghxc/.nvm/versions/node/v7.7.2/lib/node_modules/npm/bin/node-gyp-bin:/Users/greghxc/src/express-chromix/node_modules/.bin:/Users/greghxc/.nvm/versions/node/v7.7.2/bin:/Users/greghxc/.rbenv/shims:/Users/greghxc/.rbenv/bin:/Users/greghxc/bin:/Users/greghxc/gradle-2.6/bin:/Users/greghxc/.rbenv/shims:/usr/local/bin:/usr/bin:/bin:/usr/sbin:/sbin:/opt/X11/bin:/usr/local/go/bin:/Users/greghxc/bin:/Users/greghxc/.composer/vendor/bin:/Users/greghxc/Homestead:/Users/greghxc/.composer/vendor:/sw/bin
10 verbose lifecycle express-chromix@0.0.0~start: CWD: /Users/greghxc/src/express-chromix
11 silly lifecycle express-chromix@0.0.0~start: Args: [ '-c', 'node ./bin/www' ]
12 silly lifecycle express-chromix@0.0.0~start: Returned: code: 1  signal: null
13 info lifecycle express-chromix@0.0.0~start: Failed to exec start script
14 verbose stack Error: express-chromix@0.0.0 start: `node ./bin/www`
14 verbose stack Exit status 1
14 verbose stack     at EventEmitter.<anonymous> (/Users/greghxc/.nvm/versions/node/v7.7.2/lib/node_modules/npm/lib/utils/lifecycle.js:279:16)
14 verbose stack     at emitTwo (events.js:106:13)
14 verbose stack     at EventEmitter.emit (events.js:194:7)
14 verbose stack     at ChildProcess.<anonymous> (/Users/greghxc/.nvm/versions/node/v7.7.2/lib/node_modules/npm/lib/utils/spawn.js:40:14)
14 verbose stack     at emitTwo (events.js:106:13)
14 verbose stack     at ChildProcess.emit (events.js:194:7)
14 verbose stack     at maybeClose (internal/child_process.js:899:16)
14 verbose stack     at Process.ChildProcess._handle.onexit (internal/child_process.js:226:5)
15 verbose pkgid express-chromix@0.0.0
16 verbose cwd /Users/greghxc/src/express-chromix
17 error Darwin 14.5.0
18 error argv "/Users/greghxc/.nvm/versions/node/v7.7.2/bin/node" "/Users/greghxc/.nvm/versions/node/v7.7.2/bin/npm" "start"
19 error node v7.7.2
20 error npm  v4.1.2
21 error code ELIFECYCLE
22 error express-chromix@0.0.0 start: `node ./bin/www`
22 error Exit status 1
23 error Failed at the express-chromix@0.0.0 start script 'node ./bin/www'.
23 error Make sure you have the latest version of node.js and npm installed.
23 error If you do, this is most likely a problem with the express-chromix package,
23 error not with npm itself.
23 error Tell the author that this fails on your system:
23 error     node ./bin/www
23 error You can get information on how to open an issue for this project with:
23 error     npm bugs express-chromix
23 error Or if that isn't available, you can get their info via:
23 error     npm owner ls express-chromix
23 error There is likely additional logging output above.
24 verbose exit [ 1, true ]
